Determining if the pthread_create exist failed with the following output:
Change Dir: /home/virginia/robotics/src/project1/Robotics_project1/build/CMakeFiles/CMakeTmp

Run Build Command:"/usr/bin/make" "cmTC_8ae64/fast"
/usr/bin/make -f CMakeFiles/cmTC_8ae64.dir/build.make CMakeFiles/cmTC_8ae64.dir/build
make[1]: ingresso nella directory "/home/virginia/robotics/src/project1/Robotics_project1/build/CMakeFiles/CMakeTmp"
Building C object CMakeFiles/cmTC_8ae64.dir/CheckSymbolExists.c.o
/usr/bin/cc    -o CMakeFiles/cmTC_8ae64.dir/CheckSymbolExists.c.o   -c /home/virginia/robotics/src/project1/Robotics_project1/build/CMakeFiles/CMakeTmp/CheckSymbolExists.c
Linking C executable cmTC_8ae64
/usr/bin/cmake -E cmake_link_script CMakeFiles/cmTC_8ae64.dir/link.txt --verbose=1
/usr/bin/cc      -rdynamic CMakeFiles/cmTC_8ae64.dir/CheckSymbolExists.c.o  -o cmTC_8ae64 
CMakeFiles/cmTC_8ae64.dir/CheckSymbolExists.c.o: nella funzione "main":
CheckSymbolExists.c:(.text+0x1b): riferimento non definito a "pthread_create"
collect2: error: ld returned 1 exit status
CMakeFiles/cmTC_8ae64.dir/build.make:97: recipe for target 'cmTC_8ae64' failed
make[1]: *** [cmTC_8ae64] Error 1
make[1]: uscita dalla directory "/home/virginia/robotics/src/project1/Robotics_project1/build/CMakeFiles/CMakeTmp"
Makefile:126: recipe for target 'cmTC_8ae64/fast' failed
make: *** [cmTC_8ae64/fast] Error 2

File /home/virginia/robotics/src/project1/Robotics_project1/build/CMakeFiles/CMakeTmp/CheckSymbolExists.c:
/* */
#include <pthread.h>

int main(int argc, char** argv)
{
  (void)argv;
#ifndef pthread_create
  return ((int*)(&pthread_create))[argc];
#else
  (void)argc;
  return 0;
#endif
}

Determining if the function pthread_create exists in the pthreads failed with the following output:
Change Dir: /home/virginia/robotics/src/project1/Robotics_project1/build/CMakeFiles/CMakeTmp

Run Build Command:"/usr/bin/make" "cmTC_59538/fast"
/usr/bin/make -f CMakeFiles/cmTC_59538.dir/build.make CMakeFiles/cmTC_59538.dir/build
make[1]: ingresso nella directory "/home/virginia/robotics/src/project1/Robotics_project1/build/CMakeFiles/CMakeTmp"
Building C object CMakeFiles/cmTC_59538.dir/CheckFunctionExists.c.o
/usr/bin/cc   -DCHECK_FUNCTION_EXISTS=pthread_create   -o CMakeFiles/cmTC_59538.dir/CheckFunctionExists.c.o   -c /usr/share/cmake-3.10/Modules/CheckFunctionExists.c
Linking C executable cmTC_59538
/usr/bin/cmake -E cmake_link_script CMakeFiles/cmTC_59538.dir/link.txt --verbose=1
/usr/bin/cc  -DCHECK_FUNCTION_EXISTS=pthread_create    -rdynamic CMakeFiles/cmTC_59538.dir/CheckFunctionExists.c.o  -o cmTC_59538 -lpthreads 
/usr/bin/ld: impossibile trovare -lpthreads
collect2: error: ld returned 1 exit status
CMakeFiles/cmTC_59538.dir/build.make:97: recipe for target 'cmTC_59538' failed
make[1]: *** [cmTC_59538] Error 1
make[1]: uscita dalla directory "/home/virginia/robotics/src/project1/Robotics_project1/build/CMakeFiles/CMakeTmp"
Makefile:126: recipe for target 'cmTC_59538/fast' failed
make: *** [cmTC_59538/fast] Error 2


